<?xml version="1.0" encoding="UTF-8"?>
<!-- Generated by org.testng.reporters.JUnitReportReporter -->
<testsuite skipped="0" hostname="AT1LAP2004" name="bwi.prog2B.SS2017.wi16b044_kapferer.ExerciseSheet01.test.TrackTest" tests="38" failures="1" timestamp="25 Jun 2017 14:17:21 GMT" time="0.154" errors="0">
  <testcase name="getDuration" time="0.001" classname="bwi.prog2B.SS2017.wi16b044_kapferer.ExerciseSheet01.test.TrackTest"/>
  <testcase name="getYear" time="0.003" classname="bwi.prog2B.SS2017.wi16b044_kapferer.ExerciseSheet01.test.TrackTest"/>
  <testcase name="writerIsKnown" time="0.001" classname="bwi.prog2B.SS2017.wi16b044_kapferer.ExerciseSheet01.test.TrackTest"/>
  <testcase name="writerIsKnown" time="0.001" classname="bwi.prog2B.SS2017.wi16b044_kapferer.ExerciseSheet01.test.TrackTest"/>
  <testcase name="setYear" time="0.001" classname="bwi.prog2B.SS2017.wi16b044_kapferer.ExerciseSheet01.test.TrackTest"/>
  <testcase name="setYear" time="0.001" classname="bwi.prog2B.SS2017.wi16b044_kapferer.ExerciseSheet01.test.TrackTest"/>
  <testcase name="setTitle" time="0.001" classname="bwi.prog2B.SS2017.wi16b044_kapferer.ExerciseSheet01.test.TrackTest"/>
  <testcase name="writerIsKnown" time="0.000" classname="bwi.prog2B.SS2017.wi16b044_kapferer.ExerciseSheet01.test.TrackTest"/>
  <testcase name="getWriter" time="0.001" classname="bwi.prog2B.SS2017.wi16b044_kapferer.ExerciseSheet01.test.TrackTest"/>
  <testcase name="setYear" time="0.000" classname="bwi.prog2B.SS2017.wi16b044_kapferer.ExerciseSheet01.test.TrackTest"/>
  <testcase name="getPerformer" time="0.091" classname="bwi.prog2B.SS2017.wi16b044_kapferer.ExerciseSheet01.test.TrackTest"/>
  <testcase name="getYear" time="0.002" classname="bwi.prog2B.SS2017.wi16b044_kapferer.ExerciseSheet01.test.TrackTest"/>
  <testcase name="setDuration" time="0.001" classname="bwi.prog2B.SS2017.wi16b044_kapferer.ExerciseSheet01.test.TrackTest"/>
  <testcase name="setTitle" time="0.003" classname="bwi.prog2B.SS2017.wi16b044_kapferer.ExerciseSheet01.test.TrackTest">
    <failure type="java.lang.AssertionError" message="expected [null] but found [unknown title]">
      <![CDATA[java.lang.AssertionError: expected [null] but found [unknown title]
	at org.testng.Assert.fail(Assert.java:93)
	at org.testng.Assert.failNotEquals(Assert.java:512)
	at org.testng.Assert.assertEqualsImpl(Assert.java:129)
	at org.testng.Assert.assertEquals(Assert.java:115)
	at org.testng.Assert.assertEquals(Assert.java:178)
	at bwi.prog2B.SS2017.wi16b044_kapferer.ExerciseSheet01.test.TrackTest.setTitle(TrackTest.java:232)
	at sun.reflect.NativeMethodAccessorImpl.invoke0(Native Method)
	at sun.reflect.NativeMethodAccessorImpl.invoke(NativeMethodAccessorImpl.java:62)
	at sun.reflect.DelegatingMethodAccessorImpl.invoke(DelegatingMethodAccessorImpl.java:43)
	at java.lang.reflect.Method.invoke(Method.java:498)
	at org.testng.internal.MethodInvocationHelper.invokeMethod(MethodInvocationHelper.java:108)
	at org.testng.internal.Invoker.invokeMethod(Invoker.java:661)
	at org.testng.internal.Invoker.invokeTestMethod(Invoker.java:869)
	at org.testng.internal.Invoker.invokeTestMethods(Invoker.java:1193)
	at org.testng.internal.TestMethodWorker.invokeTestMethods(TestMethodWorker.java:126)
	at org.testng.internal.TestMethodWorker.run(TestMethodWorker.java:109)
	at org.testng.TestRunner.privateRun(TestRunner.java:744)
	at org.testng.TestRunner.run(TestRunner.java:602)
	at org.testng.SuiteRunner.runTest(SuiteRunner.java:380)
	at org.testng.SuiteRunner.runSequentially(SuiteRunner.java:375)
	at org.testng.SuiteRunner.privateRun(SuiteRunner.java:340)
	at org.testng.SuiteRunner.run(SuiteRunner.java:289)
	at org.testng.SuiteRunnerWorker.runSuite(SuiteRunnerWorker.java:52)
	at org.testng.SuiteRunnerWorker.run(SuiteRunnerWorker.java:86)
	at org.testng.TestNG.runSuitesSequentially(TestNG.java:1301)
	at org.testng.TestNG.runSuitesLocally(TestNG.java:1226)
	at org.testng.TestNG.runSuites(TestNG.java:1144)
	at org.testng.TestNG.run(TestNG.java:1115)
	at org.testng.remote.AbstractRemoteTestNG.run(AbstractRemoteTestNG.java:132)
	at org.testng.remote.RemoteTestNG.initAndRun(RemoteTestNG.java:230)
	at org.testng.remote.RemoteTestNG.main(RemoteTestNG.java:76)
]]>
    </failure>
  </testcase> <!-- setTitle -->
  <testcase name="setYear" time="0.001" classname="bwi.prog2B.SS2017.wi16b044_kapferer.ExerciseSheet01.test.TrackTest"/>
  <testcase name="getDuration" time="0.002" classname="bwi.prog2B.SS2017.wi16b044_kapferer.ExerciseSheet01.test.TrackTest"/>
  <testcase name="setWriter" time="0.007" classname="bwi.prog2B.SS2017.wi16b044_kapferer.ExerciseSheet01.test.TrackTest"/>
  <testcase name="checkInit" time="0.007" classname="bwi.prog2B.SS2017.wi16b044_kapferer.ExerciseSheet01.test.TrackTest"/>
  <testcase name="setYear" time="0.001" classname="bwi.prog2B.SS2017.wi16b044_kapferer.ExerciseSheet01.test.TrackTest"/>
  <testcase name="getString" time="0.001" classname="bwi.prog2B.SS2017.wi16b044_kapferer.ExerciseSheet01.test.TrackTest"/>
  <testcase name="getString" time="0.001" classname="bwi.prog2B.SS2017.wi16b044_kapferer.ExerciseSheet01.test.TrackTest"/>
  <testcase name="setPerformer" time="0.001" classname="bwi.prog2B.SS2017.wi16b044_kapferer.ExerciseSheet01.test.TrackTest"/>
  <testcase name="getYear" time="0.001" classname="bwi.prog2B.SS2017.wi16b044_kapferer.ExerciseSheet01.test.TrackTest"/>
  <testcase name="setPerformerNull" time="0.001" classname="bwi.prog2B.SS2017.wi16b044_kapferer.ExerciseSheet01.test.TrackTest"/>
  <testcase name="getYear" time="0.001" classname="bwi.prog2B.SS2017.wi16b044_kapferer.ExerciseSheet01.test.TrackTest"/>
  <testcase name="setYear" time="0.001" classname="bwi.prog2B.SS2017.wi16b044_kapferer.ExerciseSheet01.test.TrackTest"/>
  <testcase name="getString" time="0.012" classname="bwi.prog2B.SS2017.wi16b044_kapferer.ExerciseSheet01.test.TrackTest"/>
  <testcase name="getTitle" time="0.001" classname="bwi.prog2B.SS2017.wi16b044_kapferer.ExerciseSheet01.test.TrackTest"/>
  <testcase name="setDuration" time="0.000" classname="bwi.prog2B.SS2017.wi16b044_kapferer.ExerciseSheet01.test.TrackTest"/>
  <testcase name="getString" time="0.002" classname="bwi.prog2B.SS2017.wi16b044_kapferer.ExerciseSheet01.test.TrackTest"/>
  <testcase name="setDuration" time="0.001" classname="bwi.prog2B.SS2017.wi16b044_kapferer.ExerciseSheet01.test.TrackTest"/>
  <testcase name="getYear" time="0.001" classname="bwi.prog2B.SS2017.wi16b044_kapferer.ExerciseSheet01.test.TrackTest"/>
  <testcase name="getYear" time="0.001" classname="bwi.prog2B.SS2017.wi16b044_kapferer.ExerciseSheet01.test.TrackTest"/>
  <testcase name="getTitle" time="0.001" classname="bwi.prog2B.SS2017.wi16b044_kapferer.ExerciseSheet01.test.TrackTest"/>
  <testcase name="getTitle" time="0.001" classname="bwi.prog2B.SS2017.wi16b044_kapferer.ExerciseSheet01.test.TrackTest"/>
  <testcase name="setWriterNull" time="0.000" classname="bwi.prog2B.SS2017.wi16b044_kapferer.ExerciseSheet01.test.TrackTest"/>
  <testcase name="setTitle" time="0.001" classname="bwi.prog2B.SS2017.wi16b044_kapferer.ExerciseSheet01.test.TrackTest"/>
  <testcase name="getDuration" time="0.001" classname="bwi.prog2B.SS2017.wi16b044_kapferer.ExerciseSheet01.test.TrackTest"/>
</testsuite> <!-- bwi.prog2B.SS2017.wi16b044_kapferer.ExerciseSheet01.test.TrackTest -->
