<?xml version="1.0" encoding="UTF-8"?>
<!-- Generated by org.testng.reporters.JUnitReportReporter -->
<testsuite skipped="0" hostname="AT1LAP2004" name="bwi.prog2B.SS2017.wi16b044_kapferer.ExerciseSheet02.test.EventTest" tests="24" failures="2" timestamp="26 Jun 2017 11:19:02 GMT" time="0.124" errors="0">
  <testcase name="setVenue" time="0.001" classname="bwi.prog2B.SS2017.wi16b044_kapferer.ExerciseSheet02.test.EventTest"/>
  <testcase name="getDate" time="0.005" classname="bwi.prog2B.SS2017.wi16b044_kapferer.ExerciseSheet02.test.EventTest"/>
  <testcase name="getArtist" time="0.095" classname="bwi.prog2B.SS2017.wi16b044_kapferer.ExerciseSheet02.test.EventTest"/>
  <testcase name="setAttendees" time="0.000" classname="bwi.prog2B.SS2017.wi16b044_kapferer.ExerciseSheet02.test.EventTest"/>
  <testcase name="getDescription" time="0.001" classname="bwi.prog2B.SS2017.wi16b044_kapferer.ExerciseSheet02.test.EventTest"/>
  <testcase name="setDescription" time="0.001" classname="bwi.prog2B.SS2017.wi16b044_kapferer.ExerciseSheet02.test.EventTest"/>
  <testcase name="getDescription" time="0.001" classname="bwi.prog2B.SS2017.wi16b044_kapferer.ExerciseSheet02.test.EventTest"/>
  <testcase name="getAttendees" time="0.001" classname="bwi.prog2B.SS2017.wi16b044_kapferer.ExerciseSheet02.test.EventTest"/>
  <testcase name="setDate" time="0.001" classname="bwi.prog2B.SS2017.wi16b044_kapferer.ExerciseSheet02.test.EventTest">
    <failure type="java.lang.AssertionError" message="field should be set to null expected [null] but found [01.01.1970]">
      <![CDATA[java.lang.AssertionError: field should be set to null expected [null] but found [01.01.1970]
	at org.testng.Assert.fail(Assert.java:93)
	at org.testng.Assert.failNotEquals(Assert.java:512)
	at org.testng.Assert.assertEqualsImpl(Assert.java:129)
	at org.testng.Assert.assertEquals(Assert.java:115)
	at bwi.prog2B.SS2017.wi16b044_kapferer.ExerciseSheet02.test.EventTest.setDate(EventTest.java:219)
	at sun.reflect.NativeMethodAccessorImpl.invoke0(Native Method)
	at sun.reflect.NativeMethodAccessorImpl.invoke(NativeMethodAccessorImpl.java:62)
	at sun.reflect.DelegatingMethodAccessorImpl.invoke(DelegatingMethodAccessorImpl.java:43)
	at java.lang.reflect.Method.invoke(Method.java:498)
	at org.testng.internal.MethodInvocationHelper.invokeMethod(MethodInvocationHelper.java:108)
	at org.testng.internal.Invoker.invokeMethod(Invoker.java:661)
	at org.testng.internal.Invoker.invokeTestMethod(Invoker.java:869)
	at org.testng.internal.Invoker.invokeTestMethods(Invoker.java:1193)
	at org.testng.internal.TestMethodWorker.invokeTestMethods(TestMethodWorker.java:126)
	at org.testng.internal.TestMethodWorker.run(TestMethodWorker.java:109)
	at org.testng.TestRunner.privateRun(TestRunner.java:744)
	at org.testng.TestRunner.run(TestRunner.java:602)
	at org.testng.SuiteRunner.runTest(SuiteRunner.java:380)
	at org.testng.SuiteRunner.runSequentially(SuiteRunner.java:375)
	at org.testng.SuiteRunner.privateRun(SuiteRunner.java:340)
	at org.testng.SuiteRunner.run(SuiteRunner.java:289)
	at org.testng.SuiteRunnerWorker.runSuite(SuiteRunnerWorker.java:52)
	at org.testng.SuiteRunnerWorker.run(SuiteRunnerWorker.java:86)
	at org.testng.TestNG.runSuitesSequentially(TestNG.java:1301)
	at org.testng.TestNG.runSuitesLocally(TestNG.java:1226)
	at org.testng.TestNG.runSuites(TestNG.java:1144)
	at org.testng.TestNG.run(TestNG.java:1115)
	at org.testng.remote.AbstractRemoteTestNG.run(AbstractRemoteTestNG.java:132)
	at org.testng.remote.RemoteTestNG.initAndRun(RemoteTestNG.java:230)
	at org.testng.remote.RemoteTestNG.main(RemoteTestNG.java:76)
]]>
    </failure>
  </testcase> <!-- setDate -->
  <testcase name="setDescription" time="0.000" classname="bwi.prog2B.SS2017.wi16b044_kapferer.ExerciseSheet02.test.EventTest">
    <failure type="java.lang.AssertionError" message="field should be set to expected [] but found [null]">
      <![CDATA[java.lang.AssertionError: field should be set to expected [] but found [null]
	at org.testng.Assert.fail(Assert.java:93)
	at org.testng.Assert.failNotEquals(Assert.java:512)
	at org.testng.Assert.assertEqualsImpl(Assert.java:129)
	at org.testng.Assert.assertEquals(Assert.java:115)
	at bwi.prog2B.SS2017.wi16b044_kapferer.ExerciseSheet02.test.EventTest.setDescription(EventTest.java:260)
	at sun.reflect.NativeMethodAccessorImpl.invoke0(Native Method)
	at sun.reflect.NativeMethodAccessorImpl.invoke(NativeMethodAccessorImpl.java:62)
	at sun.reflect.DelegatingMethodAccessorImpl.invoke(DelegatingMethodAccessorImpl.java:43)
	at java.lang.reflect.Method.invoke(Method.java:498)
	at org.testng.internal.MethodInvocationHelper.invokeMethod(MethodInvocationHelper.java:108)
	at org.testng.internal.Invoker.invokeMethod(Invoker.java:661)
	at org.testng.internal.Invoker.invokeTestMethod(Invoker.java:869)
	at org.testng.internal.Invoker.invokeTestMethods(Invoker.java:1193)
	at org.testng.internal.TestMethodWorker.invokeTestMethods(TestMethodWorker.java:126)
	at org.testng.internal.TestMethodWorker.run(TestMethodWorker.java:109)
	at org.testng.TestRunner.privateRun(TestRunner.java:744)
	at org.testng.TestRunner.run(TestRunner.java:602)
	at org.testng.SuiteRunner.runTest(SuiteRunner.java:380)
	at org.testng.SuiteRunner.runSequentially(SuiteRunner.java:375)
	at org.testng.SuiteRunner.privateRun(SuiteRunner.java:340)
	at org.testng.SuiteRunner.run(SuiteRunner.java:289)
	at org.testng.SuiteRunnerWorker.runSuite(SuiteRunnerWorker.java:52)
	at org.testng.SuiteRunnerWorker.run(SuiteRunnerWorker.java:86)
	at org.testng.TestNG.runSuitesSequentially(TestNG.java:1301)
	at org.testng.TestNG.runSuitesLocally(TestNG.java:1226)
	at org.testng.TestNG.runSuites(TestNG.java:1144)
	at org.testng.TestNG.run(TestNG.java:1115)
	at org.testng.remote.AbstractRemoteTestNG.run(AbstractRemoteTestNG.java:132)
	at org.testng.remote.RemoteTestNG.initAndRun(RemoteTestNG.java:230)
	at org.testng.remote.RemoteTestNG.main(RemoteTestNG.java:76)
]]>
    </failure>
  </testcase> <!-- setDescription -->
  <testcase name="setVenue" time="0.001" classname="bwi.prog2B.SS2017.wi16b044_kapferer.ExerciseSheet02.test.EventTest"/>
  <testcase name="setDescription" time="0.000" classname="bwi.prog2B.SS2017.wi16b044_kapferer.ExerciseSheet02.test.EventTest"/>
  <testcase name="getAttendees" time="0.001" classname="bwi.prog2B.SS2017.wi16b044_kapferer.ExerciseSheet02.test.EventTest"/>
  <testcase name="setArtist" time="0.000" classname="bwi.prog2B.SS2017.wi16b044_kapferer.ExerciseSheet02.test.EventTest"/>
  <testcase name="getAttendees" time="0.001" classname="bwi.prog2B.SS2017.wi16b044_kapferer.ExerciseSheet02.test.EventTest"/>
  <testcase name="setAttendees" time="0.002" classname="bwi.prog2B.SS2017.wi16b044_kapferer.ExerciseSheet02.test.EventTest"/>
  <testcase name="Event" time="0.007" classname="bwi.prog2B.SS2017.wi16b044_kapferer.ExerciseSheet02.test.EventTest"/>
  <testcase name="getVenue" time="0.001" classname="bwi.prog2B.SS2017.wi16b044_kapferer.ExerciseSheet02.test.EventTest"/>
  <testcase name="getDate" time="0.001" classname="bwi.prog2B.SS2017.wi16b044_kapferer.ExerciseSheet02.test.EventTest"/>
  <testcase name="setAttendees" time="0.001" classname="bwi.prog2B.SS2017.wi16b044_kapferer.ExerciseSheet02.test.EventTest"/>
  <testcase name="getVenue" time="0.000" classname="bwi.prog2B.SS2017.wi16b044_kapferer.ExerciseSheet02.test.EventTest"/>
  <testcase name="getDescription" time="0.001" classname="bwi.prog2B.SS2017.wi16b044_kapferer.ExerciseSheet02.test.EventTest"/>
  <testcase name="setArtist" time="0.001" classname="bwi.prog2B.SS2017.wi16b044_kapferer.ExerciseSheet02.test.EventTest"/>
  <testcase name="setDate" time="0.001" classname="bwi.prog2B.SS2017.wi16b044_kapferer.ExerciseSheet02.test.EventTest"/>
</testsuite> <!-- bwi.prog2B.SS2017.wi16b044_kapferer.ExerciseSheet02.test.EventTest -->
